athira@INTVMLT2342:/mnt/c/Users/2022004/Desktop/SystemStatLogging/build$ cmake ..
-- The C compiler identification is GNU 11.4.0
-- The CXX compiler identification is GNU 11.4.0
-- Detecting C compiler ABI info
-- Detecting C compiler ABI info - done
-- Check for working C compiler: /usr/bin/cc - skipped
-- Detecting C compile features
-- Detecting C compile features - done
-- Detecting CXX compiler ABI info
-- Detecting CXX compiler ABI info - done
-- Check for working CXX compiler: /usr/bin/c++ - skipped
-- Detecting CXX compile features
-- Detecting CXX compile features - done
-- Found GTest: /usr/local/lib/cmake/GTest/GTestConfig.cmake (found version "1.11.0")
-- Configuring done
-- Generating done
-- Build files have been written to: /mnt/c/Users/2022004/Desktop/SystemStatLogging/build
athira@INTVMLT2342:/mnt/c/Users/2022004/Desktop/SystemStatLogging/build$ make
[ 16%] Building CXX object server/CMakeFiles/server.dir/server.cpp.o
[ 33%] Linking CXX executable server
[ 33%] Built target server
[ 50%] Building CXX object client/CMakeFiles/client.dir/client.cpp.o
[ 66%] Linking CXX executable client
[ 66%] Built target client
[ 83%] Building CXX object test/CMakeFiles/test_server.dir/test_server.cpp.o
[100%] Linking CXX executable test_server
/usr/bin/ld: CMakeFiles/test_server.dir/test_server.cpp.o: in function `SystemStatTest_UptimeTest_Test::TestBody()':
test_server.cpp:(.text+0x21): undefined reference to `getSystemUptime()'
/usr/bin/ld: CMakeFiles/test_server.dir/test_server.cpp.o: in function `SystemStatTest_DateTimeTest_Test::TestBody()':
test_server.cpp:(.text+0x174): undefined reference to `getCurrentDateTime[abi:cxx11]()'
/usr/bin/ld: CMakeFiles/test_server.dir/test_server.cpp.o: in function `SystemStatTest_ConfigIntervalTest_Test::TestBody()':
test_server.cpp:(.text+0x39a): undefined reference to `loadConfigInterval()'
collect2: error: ld returned 1 exit status
make[2]: *** [test/CMakeFiles/test_server.dir/build.make:98: test/test_server] Error 1
make[1]: *** [CMakeFiles/Makefile2:186: test/CMakeFiles/test_server.dir/all] Error 2
make: *** [Makefile:91: all] Error 2
